<?xml version="1.0" encoding="UTF-8"?>
<testng-results skipped="0" failed="0" total="1" passed="1">
  <reporter-output>
  </reporter-output>
  <suite name="Default suite" duration-ms="5580" started-at="2019-05-26T09:16:25Z" finished-at="2019-05-26T09:16:31Z">
    <groups>
    </groups>
    <test name="Default test" duration-ms="5580" started-at="2019-05-26T09:16:25Z" finished-at="2019-05-26T09:16:31Z">
      <class name="com.qa.test.PostAPITest">
        <test-method status="PASS" signature="setup()[pri:0, instance:com.qa.test.PostAPITest@d2e7d9]" name="setup" is-config="true" duration-ms="33" started-at="2019-05-26T14:46:25Z" finished-at="2019-05-26T14:46:25Z">
          <reporter-output>
          </reporter-output>
        </test-method> <!-- setup -->
        <test-method status="PASS" signature="PostAPITest()[pri:0, instance:com.qa.test.PostAPITest@d2e7d9]" name="PostAPITest" duration-ms="5483" started-at="2019-05-26T14:46:25Z" finished-at="2019-05-26T14:46:31Z">
          <reporter-output>
          </reporter-output>
        </test-method> <!-- PostAPITest -->
      </class> <!-- com.qa.test.PostAPITest -->
    </test> <!-- Default test -->
  </suite> <!-- Default suite -->
</testng-results>
